This is pdfTeX, Version 3.141592653-2.6-1.40.24 (TeX Live 2022) (preloaded format=pdflatex 2022.7.16)  2 MAR 2023 00:12
entering extended mode
 restricted \write18 enabled.
 file:line:error style messages enabled.
 %&-line parsing enabled.
**"d:/LaTex Saves/V5/SmartRoboticArmWithEMG_V5.tex"
(d:/LaTex Saves/V5/SmartRoboticArmWithEMG_V5.tex
LaTeX2e <2022-06-01> patch level 5
L3 programming layer <2022-07-15> (c:/texlive/2022/texmf-dist/tex/latex/base/article.cls
Document Class: article 2021/10/04 v1.4n Standard LaTeX document class
(c:/texlive/2022/texmf-dist/tex/latex/base/size12.clo
File: size12.clo 2021/10/04 v1.4n Standard LaTeX file (size option)
)
\c@part=\count185
\c@section=\count186
\c@subsection=\count187
\c@subsubsection=\count188
\c@paragraph=\count189
\c@subparagraph=\count190
\c@figure=\count191
\c@table=\count192
\abovecaptionskip=\skip47
\belowcaptionskip=\skip48
\bibindent=\dimen138
) (c:/texlive/2022/texmf-dist/tex/latex/psnfss/times.sty
Package: times 2020/03/25 PSNFSS-v9.3 (SPQR) 
) (c:/texlive/2022/texmf-dist/tex/latex/titlesec/titlesec.sty
Package: titlesec 2021/07/05 v2.14 Sectioning titles
\ttl@box=\box51
\beforetitleunit=\skip49
\aftertitleunit=\skip50
\ttl@plus=\dimen139
\ttl@minus=\dimen140
\ttl@toksa=\toks16
\titlewidth=\dimen141
\titlewidthlast=\dimen142
\titlewidthfirst=\dimen143
) (c:/texlive/2022/texmf-dist/tex/latex/geometry/geometry.sty
Package: geometry 2020/01/02 v5.9 Page Geometry
 (c:/texlive/2022/texmf-dist/tex/latex/graphics/keyval.sty
Package: keyval 2022/05/29 v1.15 key=value parser (DPC)
\KV@toks@=\toks17
) (c:/texlive/2022/texmf-dist/tex/generic/iftex/ifvtex.sty
Package: ifvtex 2019/10/25 v1.7 ifvtex legacy package. Use iftex instead.
 (c:/texlive/2022/texmf-dist/tex/generic/iftex/iftex.sty
Package: iftex 2022/02/03 v1.0f TeX engine tests
))
\Gm@cnth=\count193
\Gm@cntv=\count194
\c@Gm@tempcnt=\count195
\Gm@bindingoffset=\dimen144
\Gm@wd@mp=\dimen145
\Gm@odd@mp=\dimen146
\Gm@even@mp=\dimen147
\Gm@layoutwidth=\dimen148
\Gm@layoutheight=\dimen149
\Gm@layouthoffset=\dimen150
\Gm@layoutvoffset=\dimen151
\Gm@dimlist=\toks18
) (c:/texlive/2022/texmf-dist/tex/latex/graphics/graphicx.sty
Package: graphicx 2021/09/16 v1.2d Enhanced LaTeX Graphics (DPC,SPQR)
 (c:/texlive/2022/texmf-dist/tex/latex/graphics/graphics.sty
Package: graphics 2022/03/10 v1.4e Standard LaTeX Graphics (DPC,SPQR)
 (c:/texlive/2022/texmf-dist/tex/latex/graphics/trig.sty
Package: trig 2021/08/11 v1.11 sin cos tan (DPC)
) (c:/texlive/2022/texmf-dist/tex/latex/graphics-cfg/graphics.cfg
File: graphics.cfg 2016/06/04 v1.11 sample graphics configuration
)
Package graphics Info: Driver file: pdftex.def on input line 107.
 (c:/texlive/2022/texmf-dist/tex/latex/graphics-def/pdftex.def
File: pdftex.def 2020/10/05 v1.2a Graphics/color driver for pdftex
))
\Gin@req@height=\dimen152
\Gin@req@width=\dimen153
) (c:/texlive/2022/texmf-dist/tex/latex/hyperref/hyperref.sty
Package: hyperref 2022-06-20 v7.00s Hypertext links for LaTeX
 (c:/texlive/2022/texmf-dist/tex/generic/ltxcmds/ltxcmds.sty
Package: ltxcmds 2020-05-10 v1.25 LaTeX kernel commands for general use (HO)
) (c:/texlive/2022/texmf-dist/tex/generic/pdftexcmds/pdftexcmds.sty
Package: pdftexcmds 2020-06-27 v0.33 Utility functions of pdfTeX for LuaTeX (HO)
 (c:/texlive/2022/texmf-dist/tex/generic/infwarerr/infwarerr.sty
Package: infwarerr 2019/12/03 v1.5 Providing info/warning/error messages (HO)
)
Package pdftexcmds Info: \pdf@primitive is available.
Package pdftexcmds Info: \pdf@ifprimitive is available.
Package pdftexcmds Info: \pdfdraftmode found.
) (c:/texlive/2022/texmf-dist/tex/generic/kvsetkeys/kvsetkeys.sty
Package: kvsetkeys 2019/12/15 v1.18 Key value parser (HO)
) (c:/texlive/2022/texmf-dist/tex/generic/kvdefinekeys/kvdefinekeys.sty
Package: kvdefinekeys 2019-12-19 v1.6 Define keys (HO)
) (c:/texlive/2022/texmf-dist/tex/generic/pdfescape/pdfescape.sty
Package: pdfescape 2019/12/09 v1.15 Implements pdfTeX's escape features (HO)
) (c:/texlive/2022/texmf-dist/tex/latex/hycolor/hycolor.sty
Package: hycolor 2020-01-27 v1.10 Color options for hyperref/bookmark (HO)
) (c:/texlive/2022/texmf-dist/tex/latex/letltxmacro/letltxmacro.sty
Package: letltxmacro 2019/12/03 v1.6 Let assignment for LaTeX macros (HO)
) (c:/texlive/2022/texmf-dist/tex/latex/auxhook/auxhook.sty
Package: auxhook 2019-12-17 v1.6 Hooks for auxiliary files (HO)
) (c:/texlive/2022/texmf-dist/tex/latex/hyperref/nameref.sty
Package: nameref 2022-05-17 v2.50 Cross-referencing by name of section
 (c:/texlive/2022/texmf-dist/tex/latex/refcount/refcount.sty
Package: refcount 2019/12/15 v3.6 Data extraction from label references (HO)
) (c:/texlive/2022/texmf-dist/tex/generic/gettitlestring/gettitlestring.sty
Package: gettitlestring 2019/12/15 v1.6 Cleanup title references (HO)
 (c:/texlive/2022/texmf-dist/tex/latex/kvoptions/kvoptions.sty
Package: kvoptions 2022-06-15 v3.15 Key value format for package options (HO)
))
\c@section@level=\count196
)
\@linkdim=\dimen154
\Hy@linkcounter=\count197
\Hy@pagecounter=\count198
 (c:/texlive/2022/texmf-dist/tex/latex/hyperref/pd1enc.def
File: pd1enc.def 2022-06-20 v7.00s Hyperref: PDFDocEncoding definition (HO)
Now handling font encoding PD1 ...
... no UTF-8 mapping file for font encoding PD1
) (c:/texlive/2022/texmf-dist/tex/generic/intcalc/intcalc.sty
Package: intcalc 2019/12/15 v1.3 Expandable calculations with integers (HO)
) (c:/texlive/2022/texmf-dist/tex/generic/etexcmds/etexcmds.sty
Package: etexcmds 2019/12/15 v1.7 Avoid name clashes with e-TeX commands (HO)
)
\Hy@SavedSpaceFactor=\count199
 (c:/texlive/2022/texmf-dist/tex/latex/hyperref/puenc.def
File: puenc.def 2022-06-20 v7.00s Hyperref: PDF Unicode definition (HO)
Now handling font encoding PU ...
... no UTF-8 mapping file for font encoding PU
)
Package hyperref Info: Hyper figures OFF on input line 4162.
Package hyperref Info: Link nesting OFF on input line 4167.
Package hyperref Info: Hyper index ON on input line 4170.
Package hyperref Info: Plain pages OFF on input line 4177.
Package hyperref Info: Backreferencing OFF on input line 4182.
Package hyperref Info: Implicit mode ON; LaTeX internals redefined.
Package hyperref Info: Bookmarks ON on input line 4408.
\c@Hy@tempcnt=\count266
 (c:/texlive/2022/texmf-dist/tex/latex/url/url.sty
\Urlmuskip=\muskip16
Package: url 2013/09/16  ver 3.4  Verb mode for urls, etc.
)
LaTeX Info: Redefining \url on input line 4746.
\XeTeXLinkMargin=\dimen155
 (c:/texlive/2022/texmf-dist/tex/generic/bitset/bitset.sty
Package: bitset 2019/12/09 v1.3 Handle bit-vector datatype (HO)
 (c:/texlive/2022/texmf-dist/tex/generic/bigintcalc/bigintcalc.sty
Package: bigintcalc 2019/12/15 v1.5 Expandable calculations on big integers (HO)
))
\Fld@menulength=\count267
\Field@Width=\dimen156
\Fld@charsize=\dimen157
Package hyperref Info: Hyper figures OFF on input line 6024.
Package hyperref Info: Link nesting OFF on input line 6029.
Package hyperref Info: Hyper index ON on input line 6032.
Package hyperref Info: backreferencing OFF on input line 6039.
Package hyperref Info: Link coloring OFF on input line 6044.
Package hyperref Info: Link coloring with OCG OFF on input line 6049.
Package hyperref Info: PDF/A mode OFF on input line 6054.
 (c:/texlive/2022/texmf-dist/tex/latex/base/atbegshi-ltx.sty
Package: atbegshi-ltx 2021/01/10 v1.0c Emulation of the original atbegshi
package with kernel methods
)
\Hy@abspage=\count268
\c@Item=\count269
\c@Hfootnote=\count270
)
Package hyperref Info: Driver (autodetected): hpdftex.
 (c:/texlive/2022/texmf-dist/tex/latex/hyperref/hpdftex.def
File: hpdftex.def 2022-06-20 v7.00s Hyperref driver for pdfTeX
 (c:/texlive/2022/texmf-dist/tex/latex/base/atveryend-ltx.sty
Package: atveryend-ltx 2020/08/19 v1.0a Emulation of the original atveryend package
with kernel methods
)
\Fld@listcount=\count271
\c@bookmark@seq@number=\count272
 (c:/texlive/2022/texmf-dist/tex/latex/rerunfilecheck/rerunfilecheck.sty
Package: rerunfilecheck 2022-07-10 v1.10 Rerun checks for auxiliary files (HO)
 (c:/texlive/2022/texmf-dist/tex/generic/uniquecounter/uniquecounter.sty
Package: uniquecounter 2019/12/15 v1.4 Provide unlimited unique counter (HO)
)
Package uniquecounter Info: New unique counter `rerunfilecheck' on input line 285.
)
\Hy@SectionHShift=\skip51
) (c:/texlive/2022/texmf-dist/tex/latex/placeins/placeins.sty
Package: placeins 2005/04/18  v 2.2
)
LaTeX Font Info:    Trying to load font information for OT1+ptm on input line 10.
 (c:/texlive/2022/texmf-dist/tex/latex/psnfss/ot1ptm.fd
File: ot1ptm.fd 2001/06/04 font definitions for OT1/ptm.
) (c:/texlive/2022/texmf-dist/tex/latex/l3backend/l3backend-pdftex.def
File: l3backend-pdftex.def 2022-07-01 L3 backend support: PDF output (pdfTeX)
\l__color_backend_stack_int=\count273
\l__pdf_internal_box=\box52
) (./SmartRoboticArmWithEMG_V5.aux)
\openout1 = `SmartRoboticArmWithEMG_V5.aux'.

LaTeX Font Info:    Checking defaults for OML/cmm/m/it on input line 10.
LaTeX Font Info:    ... okay on input line 10.
LaTeX Font Info:    Checking defaults for OMS/cmsy/m/n on input line 10.
LaTeX Font Info:    ... okay on input line 10.
LaTeX Font Info:    Checking defaults for OT1/cmr/m/n on input line 10.
LaTeX Font Info:    ... okay on input line 10.
LaTeX Font Info:    Checking defaults for T1/cmr/m/n on input line 10.
LaTeX Font Info:    ... okay on input line 10.
LaTeX Font Info:    Checking defaults for TS1/cmr/m/n on input line 10.
LaTeX Font Info:    ... okay on input line 10.
LaTeX Font Info:    Checking defaults for OMX/cmex/m/n on input line 10.
LaTeX Font Info:    ... okay on input line 10.
LaTeX Font Info:    Checking defaults for U/cmr/m/n on input line 10.
LaTeX Font Info:    ... okay on input line 10.
LaTeX Font Info:    Checking defaults for PD1/pdf/m/n on input line 10.
LaTeX Font Info:    ... okay on input line 10.
LaTeX Font Info:    Checking defaults for PU/pdf/m/n on input line 10.
LaTeX Font Info:    ... okay on input line 10.

*geometry* driver: auto-detecting
*geometry* detected driver: pdftex
*geometry* verbose mode - [ preamble ] result:
* driver: pdftex
* paper: <default>
* layout: <same size as paper>
* layoutoffset:(h,v)=(0.0pt,0.0pt)
* modes: 
* h-part:(L,W,R)=(85.35826pt, 457.80486pt, 71.13188pt)
* v-part:(T,H,B)=(71.13188pt, 652.70622pt, 71.13188pt)
* \paperwidth=614.295pt
* \paperheight=794.96999pt
* \textwidth=457.80486pt
* \textheight=652.70622pt
* \oddsidemargin=13.08827pt
* \evensidemargin=13.08827pt
* \topmargin=-38.1381pt
* \headheight=12.0pt
* \headsep=25.0pt
* \topskip=12.0pt
* \footskip=30.0pt
* \marginparwidth=44.0pt
* \marginparsep=10.0pt
* \columnsep=10.0pt
* \skip\footins=10.8pt plus 4.0pt minus 2.0pt
* \hoffset=0.0pt
* \voffset=0.0pt
* \mag=1000
* \@twocolumnfalse
* \@twosidefalse
* \@mparswitchfalse
* \@reversemarginfalse
* (1in=72.27pt=25.4mm, 1cm=28.453pt)

(c:/texlive/2022/texmf-dist/tex/context/base/mkii/supp-pdf.mkii
[Loading MPS to PDF converter (version 2006.09.02).]
\scratchcounter=\count274
\scratchdimen=\dimen158
\scratchbox=\box53
\nofMPsegments=\count275
\nofMParguments=\count276
\everyMPshowfont=\toks19
\MPscratchCnt=\count277
\MPscratchDim=\dimen159
\MPnumerator=\count278
\makeMPintoPDFobject=\count279
\everyMPtoPDFconversion=\toks20
) (c:/texlive/2022/texmf-dist/tex/latex/epstopdf-pkg/epstopdf-base.sty
Package: epstopdf-base 2020-01-24 v2.11 Base part for package epstopdf
Package epstopdf-base Info: Redefining graphics rule for `.eps' on input line 485.
 (c:/texlive/2022/texmf-dist/tex/latex/latexconfig/epstopdf-sys.cfg
File: epstopdf-sys.cfg 2010/07/13 v1.3 Configuration of (r)epstopdf for TeX Live
))
Package hyperref Info: Link coloring OFF on input line 10.
 (./SmartRoboticArmWithEMG_V5.out) (./SmartRoboticArmWithEMG_V5.out)
\@outlinefile=\write3
\openout3 = `SmartRoboticArmWithEMG_V5.out'.

 [1

{c:/texlive/2022/texmf-var/fonts/map/pdftex/updmap/pdftex.map}]
pdfTeX warning (ext4): destination with the same identifier (name{page.}) has been already used, duplicate ignored
<to be read again> 
                   \relax 
l.73     \newpage
                  [2]
pdfTeX warning (ext4): destination with the same identifier (name{page.}) has been already used, duplicate ignored
<to be read again> 
                   \relax 
l.86     \newpage
                  [3] (./SmartRoboticArmWithEMG_V5.toc
LaTeX Font Info:    External font `cmex10' loaded for size
(Font)              <12> on input line 2.
LaTeX Font Info:    External font `cmex10' loaded for size
(Font)              <8> on input line 2.
LaTeX Font Info:    External font `cmex10' loaded for size
(Font)              <6> on input line 2.
)
\tf@toc=\write4
\openout4 = `SmartRoboticArmWithEMG_V5.toc'.


pdfTeX warning (ext4): destination with the same identifier (name{page.}) has been already used, duplicate ignored
<to be read again> 
                   \relax 
l.89     \break
                [4

]
LaTeX Font Info:    Trying to load font information for TS1+ptm on input line 100.
 (c:/texlive/2022/texmf-dist/tex/latex/psnfss/ts1ptm.fd
File: ts1ptm.fd 2001/06/04 font definitions for TS1/ptm.
) [1]
<D:/LaTex Saves/Images/emgWithArm.png, id=154, 144.54pt x 59.5023pt>
File: D:/LaTex Saves/Images/emgWithArm.png Graphic file (type png)
<use D:/LaTex Saves/Images/emgWithArm.png>
Package pdftex.def Info: D:/LaTex Saves/Images/emgWithArm.png  used on input line 109.
(pdftex.def)             Requested size: 312.9979pt x 142.26817pt.
<D:/LaTex Saves/Images/pico.jpg, id=156, 602.25pt x 602.25pt>
File: D:/LaTex Saves/Images/pico.jpg Graphic file (type jpg)
<use D:/LaTex Saves/Images/pico.jpg>
Package pdftex.def Info: D:/LaTex Saves/Images/pico.jpg  used on input line 123.
(pdftex.def)             Requested size: 142.26393pt x 142.26393pt.
 [2 <d:/LaTex Saves/Images/emgWithArm.png> <d:/LaTex Saves/Images/pico.jpg>]
<D:/LaTex Saves/Images/emg.jpg, id=166, 803.0pt x 803.0pt>
File: D:/LaTex Saves/Images/emg.jpg Graphic file (type jpg)
<use D:/LaTex Saves/Images/emg.jpg>
Package pdftex.def Info: D:/LaTex Saves/Images/emg.jpg  used on input line 136.
(pdftex.def)             Requested size: 142.25475pt x 142.25475pt.
<D:/LaTex Saves/Images/flex.jpg, id=167, 144.54pt x 144.54pt>
File: D:/LaTex Saves/Images/flex.jpg Graphic file (type jpg)
<use D:/LaTex Saves/Images/flex.jpg>
Package pdftex.def Info: D:/LaTex Saves/Images/flex.jpg  used on input line 147.
(pdftex.def)             Requested size: 142.27016pt x 142.27016pt.
<D:/LaTex Saves/Images/servo.jpg, id=168, 627.34375pt x 401.5pt>
File: D:/LaTex Saves/Images/servo.jpg Graphic file (type jpg)
<use D:/LaTex Saves/Images/servo.jpg>
Package pdftex.def Info: D:/LaTex Saves/Images/servo.jpg  used on input line 159.
(pdftex.def)             Requested size: 199.16505pt x 142.26698pt.
 [3 <d:/LaTex Saves/Images/emg.jpg> <d:/LaTex Saves/Images/flex.jpg>]
<D:/LaTex Saves/Images/li-ion.jpg, id=177, 225.84375pt x 225.84375pt>
File: D:/LaTex Saves/Images/li-ion.jpg Graphic file (type jpg)
<use D:/LaTex Saves/Images/li-ion.jpg>
Package pdftex.def Info: D:/LaTex Saves/Images/li-ion.jpg  used on input line 171.
(pdftex.def)             Requested size: 142.27196pt x 142.27196pt.
 [4 <d:/LaTex Saves/Images/servo.jpg> <d:/LaTex Saves/Images/li-ion.jpg>]
<D:/LaTex Saves/Images/RobotArm.png, id=188, 718.18312pt x 711.4078pt>
File: D:/LaTex Saves/Images/RobotArm.png Graphic file (type png)
<use D:/LaTex Saves/Images/RobotArm.png>
Package pdftex.def Info: D:/LaTex Saves/Images/RobotArm.png  used on input line 208.
(pdftex.def)             Requested size: 142.26425pt x 142.25732pt.
 [5 <d:/LaTex Saves/Images/RobotArm.png>]
<D:/LaTex Saves/Images/FlowChartV2.png, id=200, 545.78906pt x 548.80031pt>
File: D:/LaTex Saves/Images/FlowChartV2.png Graphic file (type png)
<use D:/LaTex Saves/Images/FlowChartV2.png>
Package pdftex.def Info: D:/LaTex Saves/Images/FlowChartV2.png  used on input line 264.
(pdftex.def)             Requested size: 284.52815pt x 369.89665pt.
 [6] [7 <d:/LaTex Saves/Images/FlowchartV2.png>]
<D:/LaTex Saves/Images/sensorimg2.png, id=213, 456.20438pt x 429.85594pt>
File: D:/LaTex Saves/Images/sensorimg2.png Graphic file (type png)
<use D:/LaTex Saves/Images/sensorimg2.png>
Package pdftex.def Info: D:/LaTex Saves/Images/sensorimg2.png  used on input line 272.
(pdftex.def)             Requested size: 369.89244pt x 284.53224pt.
 [8 <d:/LaTex Saves/Images/sensorimg2.png>]
<D:/LaTex Saves/Images/V2.jpg, id=220, 963.6pt x 542.025pt>
File: D:/LaTex Saves/Images/V2.jpg Graphic file (type jpg)
<use D:/LaTex Saves/Images/V2.jpg>
Package pdftex.def Info: D:/LaTex Saves/Images/V2.jpg  used on input line 285.
(pdftex.def)             Requested size: 369.87704pt x 142.26302pt.
<D:/LaTex Saves/Images/histo_close.png, id=223, 567.62062pt x 313.17pt>
File: D:/LaTex Saves/Images/histo_close.png Graphic file (type png)
<use D:/LaTex Saves/Images/histo_close.png>
Package pdftex.def Info: D:/LaTex Saves/Images/histo_close.png  used on input line 304.
(pdftex.def)             Requested size: 369.90175pt x 142.26797pt.
 [9 <d:/LaTex Saves/Images/V2.jpg> <d:/LaTex Saves/Images/histo_close.png>] [10] (./SmartRoboticArmWithEMG_V5.bbl
LaTeX Font Info:    Trying to load font information for OT1+pcr on input line 7.
 (c:/texlive/2022/texmf-dist/tex/latex/psnfss/ot1pcr.fd
File: ot1pcr.fd 2001/06/04 font definitions for OT1/pcr.
)
Underfull \hbox (badness 10000) in paragraph at lines 4--9
\OT1/pcr/m/n/12 arduino . cc / software / ide-[]v1 / tutorials / arduino-[]ide-[]v1-[]basics$[]\OT1/ptm/m/n/12 ,
 []


Underfull \hbox (badness 10000) in paragraph at lines 11--16
\OT1/pcr/m/n/12 tree / main / BasicFilters / ArduinoImplementations / LowPass /
 []


Underfull \hbox (badness 4872) in paragraph at lines 23--26
[]\OT1/ptm/m/n/12 kilograham.  Raspberrypi/pico-sdk.  []$\OT1/pcr/m/n/12 https : / / github . com / raspberrypi /
 []


Underfull \hbox (badness 1769) in paragraph at lines 32--36
[]\OT1/ptm/m/n/12 robu.in.  Lithium-ion bat-tery vs lithium-polymer bat-tery.  []$\OT1/pcr/m/n/12 https : / / robu . in /
 []

) [11] (./SmartRoboticArmWithEMG_V5.aux)
Package rerunfilecheck Info: File `SmartRoboticArmWithEMG_V5.out' has not changed.
(rerunfilecheck)             Checksum: 27EBC7F19FBE52371BA9747605B6863F;3679.
 ) 
Here is how much of TeX's memory you used:
 9248 strings out of 478023
 147580 string characters out of 5842667
 455415 words of memory out of 5000000
 27519 multiletter control sequences out of 15000+600000
 480301 words of font info for 50 fonts, out of 8000000 for 9000
 1141 hyphenation exceptions out of 8191
 72i,8n,77p,319b,519s stack positions out of 10000i,1000n,20000p,200000b,200000s
{c:/texlive/2022/texmf-dist/fonts/enc/dvips/base/8r.enc}<c:/texlive/2022/texmf-dist/fonts/type1/urw/courier/ucrr8a.pfb><c:/texlive/2022/texmf-dist/fonts/type1/urw/times/utmb8a.pfb><c:/texlive/2022/texmf-dist/fonts/type1/urw/times/utmr8a.pfb>
Output written on SmartRoboticArmWithEMG_V5.pdf (15 pages, 1864919 bytes).
PDF statistics:
 286 PDF objects out of 1000 (max. 8388607)
 244 compressed objects within 3 object streams
 59 named destinations out of 1000 (max. 500000)
 264 words of extra memory for PDF output out of 10000 (max. 10000000)

